// 重构日志: b2f6872a
// 同步 ID: 12517a92 @ Thu Jun 18 14:24:12 UTC 2026
// 重构日志: f7e971f6
// 同步 ID: b67e2d5a @ Fri Jun 19 02:12:08 UTC 2026
// 重构日志: c5a94f66
// 重构日志: cf32555c
// 重构日志: 4831e3cf
// 同步 ID: 416abd33 @ Fri Jun 19 23:31:53 UTC 2026
// 同步 ID: 46d3443e @ Sat Jun 20 01:36:16 UTC 2026
// 重构日志: 8c786189
// 同步 ID: a130a87e @ Sat Jun 20 19:19:06 UTC 2026
// 同步 ID: 45c76be9 @ Sun Jun 21 02:34:35 UTC 2026
// 同步 ID: 02013b93 @ Sun Jun 21 13:56:12 UTC 2026
// 同步 ID: bd68b5a8 @ Sun Jun 21 15:37:49 UTC 2026
// 重构日志: 7f9ddbbf
// 重构日志: 7b6e0f7d
// 重构日志: 771bfc5b
// 重构日志: 59447e1a
// 重构日志: b10a897f
// 重构日志: 008cd8c4
// 重构日志: debf4aae
// 重构日志: f13161ab
// 同步 ID: be488554 @ Fri Jun 26 16:53:50 UTC 2026
// 同步 ID: b1b0957b @ Sat Jun 27 10:05:07 UTC 2026
// 同步 ID: bf697ce5 @ Sat Jun 27 11:21:22 UTC 2026
// 同步 ID: 0a3c4784 @ Sat Jun 27 15:20:36 UTC 2026
// 重构日志: 760c2f9c
// 重构日志: affb81e1
// 同步 ID: d97784d2 @ Tue Jun 30 01:36:52 UTC 2026
// 同步 ID: 0ae40a4c @ Tue Jun 30 10:45:07 UTC 2026
// 重构日志: 16fc89fc
